Build started 1/8/2017 5:00:32 AM.
     1>Project "C:\Users\SilentSky\documents\visual studio 2012\Projects\ProjectEulerProblems\ProjectEulerProblems\ProjectEulerProblems.vcxproj" on node 2 (Build target(s)).
     1>ClCompile:
         C:\Program Files (x86)\Microsoft Visual Studio 11.0\VC\bin\CL.exe /c /ZI /nologo /W3 /WX- /sdl /Od /Oy- /D _MBCS /Gm /EHsc /RTC1 /MDd /GS /fp:precise /Zc:wchar_t /Zc:forScope /Fo"Debug\\" /Fd"Debug\vc110.pdb" /Gd /TP /analyze- /errorReport:prompt problem8.cpp
         problem8.cpp
     1>c:\users\silentsky\documents\visual studio 2012\projects\projecteulerproblems\projecteulerproblems\problem8.cpp(34): warning C4018: '<' : signed/unsigned mismatch
       Link:
         C:\Program Files (x86)\Microsoft Visual Studio 11.0\VC\bin\link.exe /ERRORREPORT:PROMPT /OUT:"C:\Users\SilentSky\documents\visual studio 2012\Projects\ProjectEulerProblems\Debug\ProjectEulerProblems.exe" /INCREMENTAL /NOLOGO kernel32.lib user32.lib gdi32.lib winspool.lib comdlg32.lib advapi32.lib shell32.lib ole32.lib oleaut32.lib uuid.lib odbc32.lib odbccp32.lib /MANIFEST /MANIFESTUAC:"level='asInvoker' uiAccess='false'" /manifest:embed /DEBUG /PDB:"C:\Users\SilentSky\documents\visual studio 2012\Projects\ProjectEulerProblems\Debug\ProjectEulerProblems.pdb" /TLBID:1 /DYNAMICBASE /NXCOMPAT /IMPLIB:"C:\Users\SilentSky\documents\visual studio 2012\Projects\ProjectEulerProblems\Debug\ProjectEulerProblems.lib" /MACHINE:X86 Debug\problem1.obj
         Debug\problem2.obj
         Debug\problem3.obj
         Debug\problem4.obj
         Debug\problem5.obj
         Debug\problem6.obj
         Debug\problem7.obj
         Debug\problem8.obj
         Debug\Source.obj
         ProjectEulerProblems.vcxproj -> C:\Users\SilentSky\documents\visual studio 2012\Projects\ProjectEulerProblems\Debug\ProjectEulerProblems.exe
     1>Done Building Project "C:\Users\SilentSky\documents\visual studio 2012\Projects\ProjectEulerProblems\ProjectEulerProblems\ProjectEulerProblems.vcxproj" (Build target(s)).

Build succeeded.

Time Elapsed 00:00:00.90
